<?xml version="1.0" encoding="UTF-8"?>
<testng-results skipped="0" failed="0" ignored="0" total="1" passed="1">
  <reporter-output>
  </reporter-output>
  <suite name="Default suite" duration-ms="1673" started-at="2021-10-05T09:37:42Z" finished-at="2021-10-05T09:37:43Z">
    <groups>
    </groups>
    <test name="Default test" duration-ms="1673" started-at="2021-10-05T09:37:42Z" finished-at="2021-10-05T09:37:43Z">
      <class name="qaautomation.tugas2021.RestAssured">
        <test-method status="PASS" signature="testLoginAPI()[pri:0, instance:qaautomation.tugas2021.RestAssured@3d9c13b5]" name="testLoginAPI" is-config="true" duration-ms="4367" started-at="2021-10-05T09:37:37Z" finished-at="2021-10-05T09:37:42Z">
          <reporter-output>
          </reporter-output>
        </test-method> <!-- testLoginAPI -->
        <test-method status="PASS" signature="signupAPI()[pri:0, instance:qaautomation.tugas2021.RestAssured@3d9c13b5]" name="signupAPI" duration-ms="1652" started-at="2021-10-05T09:37:42Z" finished-at="2021-10-05T09:37:43Z">
          <reporter-output>
          </reporter-output>
        </test-method> <!-- signupAPI -->
      </class> <!-- qaautomation.tugas2021.RestAssured -->
    </test> <!-- Default test -->
  </suite> <!-- Default suite -->
</testng-results>
